Copyright 1986-2022 Xilinx, Inc. All Rights Reserved. Copyright 2022-2024 Advanced Micro Devices, Inc. All Rights Reserved.
-------------------------------------------------------------------------------------------------------------------------------------------------
| Tool Version     : Vivado v.2024.1 (lin64) Build 5076996 Wed May 22 18:36:09 MDT 2024
| Date             : Wed Dec 11 15:49:41 2024
| Host             : eecs-digital-35 running 64-bit Ubuntu 24.04.1 LTS
| Command          : report_power -file obj/post_route_power.rpt
| Design           : top_level
| Device           : xc7a100tcsg324-1
| Design State     : routed
| Grade            : commercial
| Process          : typical
| Characterization : Production
-------------------------------------------------------------------------------------------------------------------------------------------------

Power Report

Table of Contents
-----------------
1. Summary
1.1 On-Chip Components
1.2 Power Supply Summary
1.3 Confidence Level
2. Settings
2.1 Environment
2.2 Clock Constraints
3. Detailed Reports
3.1 By Hierarchy

1. Summary
----------

+--------------------------+--------------+
| Total On-Chip Power (W)  | 0.893        |
| Design Power Budget (W)  | Unspecified* |
| Power Budget Margin (W)  | NA           |
| Dynamic (W)              | 0.790        |
| Device Static (W)        | 0.102        |
| Effective TJA (C/W)      | 4.6          |
| Max Ambient (C)          | 80.9         |
| Junction Temperature (C) | 29.1         |
| Confidence Level         | Low          |
| Setting File             | ---          |
| Simulation Activity File | ---          |
| Design Nets Matched      | NA           |
+--------------------------+--------------+
* Specify Design Power Budget using, set_operating_conditions -design_power_budget <value in Watts>


1.1 On-Chip Components
----------------------

+-------------------------+-----------+----------+-----------+-----------------+
| On-Chip                 | Power (W) | Used     | Available | Utilization (%) |
+-------------------------+-----------+----------+-----------+-----------------+
| Clocks                  |     0.143 |        7 |       --- |             --- |
| Slice Logic             |     0.135 |   124434 |       --- |             --- |
|   LUT as Logic          |     0.104 |    31510 |     63400 |           49.70 |
|   Register              |     0.015 |    62966 |    126800 |           49.66 |
|   CARRY4                |     0.008 |     3698 |     15850 |           23.33 |
|   LUT as Shift Register |     0.008 |     3895 |     19000 |           20.50 |
|   F7/F8 Muxes           |    <0.001 |       86 |     63400 |            0.14 |
|   Others                |     0.000 |    11249 |       --- |             --- |
| Signals                 |     0.175 |    81180 |       --- |             --- |
| Block RAM               |     0.061 |       51 |       135 |           37.78 |
| MMCM                    |     0.104 |        1 |         6 |           16.67 |
| PLL                     |     0.101 |        1 |         6 |           16.67 |
| DSPs                    |     0.070 |      168 |       240 |           70.00 |
| I/O                     |     0.002 |       38 |       210 |           18.10 |
| Static Power            |     0.102 |          |           |                 |
| Total                   |     0.893 |          |           |                 |
+-------------------------+-----------+----------+-----------+-----------------+


1.2 Power Supply Summary
------------------------

+-----------+-------------+-----------+-------------+------------+-------------+-------------+------------+
| Source    | Voltage (V) | Total (A) | Dynamic (A) | Static (A) | Powerup (A) | Budget (A)  | Margin (A) |
+-----------+-------------+-----------+-------------+------------+-------------+-------------+------------+
| Vccint    |       1.000 |     0.604 |       0.585 |      0.019 |       NA    | Unspecified | NA         |
| Vccaux    |       1.800 |     0.129 |       0.111 |      0.018 |       NA    | Unspecified | NA         |
| Vcco33    |       3.300 |     0.005 |       0.001 |      0.004 |       NA    | Unspecified | NA         |
| Vcco25    |       2.500 |     0.000 |       0.000 |      0.000 |       NA    | Unspecified | NA         |
| Vcco18    |       1.800 |     0.000 |       0.000 |      0.000 |       NA    | Unspecified | NA         |
| Vcco15    |       1.500 |     0.000 |       0.000 |      0.000 |       NA    | Unspecified | NA         |
| Vcco135   |       1.350 |     0.000 |       0.000 |      0.000 |       NA    | Unspecified | NA         |
| Vcco12    |       1.200 |     0.000 |       0.000 |      0.000 |       NA    | Unspecified | NA         |
| Vccaux_io |       1.800 |     0.000 |       0.000 |      0.000 |       NA    | Unspecified | NA         |
| Vccbram   |       1.000 |     0.006 |       0.004 |      0.002 |       NA    | Unspecified | NA         |
| MGTAVcc   |       1.000 |     0.000 |       0.000 |      0.000 |       NA    | Unspecified | NA         |
| MGTAVtt   |       1.200 |     0.000 |       0.000 |      0.000 |       NA    | Unspecified | NA         |
| Vccadc    |       1.800 |     0.020 |       0.000 |      0.020 |       NA    | Unspecified | NA         |
+-----------+-------------+-----------+-------------+------------+-------------+-------------+------------+


1.3 Confidence Level
--------------------

+-----------------------------+------------+--------------------------------------------------------+------------------------------------------------------------------------------------------------------------+
| User Input Data             | Confidence | Details                                                | Action                                                                                                     |
+-----------------------------+------------+--------------------------------------------------------+------------------------------------------------------------------------------------------------------------+
| Design implementation state | High       | Design is routed                                       |                                                                                                            |
| Clock nodes activity        | High       | User specified more than 95% of clocks                 |                                                                                                            |
| I/O nodes activity          | Low        | More than 75% of inputs are missing user specification | Provide missing input activity with simulation results or by editing the "By Resource Type -> I/Os" view   |
| Internal nodes activity     | Medium     | User specified less than 25% of internal nodes         | Provide missing internal nodes activity with simulation results or by editing the "By Resource Type" views |
| Device models               | High       | Device models are Production                           |                                                                                                            |
|                             |            |                                                        |                                                                                                            |
| Overall confidence level    | Low        |                                                        |                                                                                                            |
+-----------------------------+------------+--------------------------------------------------------+------------------------------------------------------------------------------------------------------------+


2. Settings
-----------

2.1 Environment
---------------

+-----------------------+--------------------------+
| Ambient Temp (C)      | 25.0                     |
| ThetaJA (C/W)         | 4.6                      |
| Airflow (LFM)         | 250                      |
| Heat Sink             | medium (Medium Profile)  |
| ThetaSA (C/W)         | 4.6                      |
| Board Selection       | medium (10"x10")         |
| # of Board Layers     | 12to15 (12 to 15 Layers) |
| Board Temperature (C) | 25.0                     |
+-----------------------+--------------------------+


2.2 Clock Constraints
---------------------

+-------------------+--------------------------------+-----------------+
| Clock             | Domain                         | Constraint (ns) |
+-------------------+--------------------------------+-----------------+
| clk_100_cw_fast   | wizard_migcam/clk_100_cw_fast  |            10.0 |
| clk_pixel_cw_hdmi | wizard_hdmi/clk_pixel_cw_hdmi  |            13.5 |
| clkfbout_cw_fast  | wizard_migcam/clkfbout_cw_fast |            10.0 |
| clkfbout_cw_hdmi  | wizard_hdmi/clkfbout_cw_hdmi   |            50.0 |
| sys_clk_pin       | CLK100MHZ                      |            10.0 |
+-------------------+--------------------------------+-----------------+


3. Detailed Reports
-------------------

3.1 By Hierarchy
----------------

+-----------------------+-----------+
| Name                  | Power (W) |
+-----------------------+-----------+
| top_level             |     0.790 |
|   ball                |     0.004 |
|   calc_pin_rotate     |     0.080 |
|     convert_rot       |     0.002 |
|       inst            |     0.002 |
|     norm              |     0.078 |
|       div1            |     0.020 |
|       div2            |     0.018 |
|       div3            |     0.018 |
|       norm            |     0.021 |
|   coll                |     0.018 |
|   convert_ball_x      |     0.002 |
|     inst              |     0.002 |
|       i_synth         |     0.002 |
|   convert_ball_y      |     0.002 |
|     inst              |     0.002 |
|       i_synth         |     0.002 |
|   full_render         |     0.414 |
|     check_objects     |     0.343 |
|       hp              |     0.126 |
|       pipe_hit_normal |     0.005 |
|       pipe_ray        |     0.004 |
|       r_intersect     |     0.172 |
|       ram             |     0.015 |
|       t_argmin        |     0.015 |
|     lam               |     0.049 |
|       color           |     0.011 |
|       dot             |     0.021 |
|       light_dir       |     0.005 |
|       pipe_normal     |     0.001 |
|       pixel           |     0.011 |
|     pipe_vcount2      |     0.008 |
|     rfp               |     0.013 |
|       px              |     0.006 |
|       py              |     0.006 |
|   renderer_buffer     |     0.047 |
|   vsg                 |     0.002 |
|     h_counter         |     0.002 |
|   wizard_hdmi         |     0.104 |
|   wizard_migcam       |     0.101 |
+-----------------------+-----------+


